Username: admin, Hashed Password: 202cb962ac59075b964b07152d234b70
Username: admin, Hashed Password: e10adc3949ba59abbe56e057f20f883e
Username: admin, Hashed Password: e10adc3949ba59abbe56e057f20f883e
Username: admin, Hashed Password: e10adc3949ba59abbe56e057f20f883e
Username: admin, Hashed Password: e10adc3949ba59abbe56e057f20f883e
Username: phuoc, Hashed Password: 8c62fcc6fdf39f64ff5b7d1a53eb7f45
Username: phuoc, Hashed Password: 8c62fcc6fdf39f64ff5b7d1a53eb7f45
Username: , Hashed Password: d41d8cd98f00b204e9800998ecf8427e
Username: admin, Hashed Password: e10adc3949ba59abbe56e057f20f883e
Username: admin, Hashed Password: e10adc3949ba59abbe56e057f20f883e
Username: phuoc, Hashed Password: 8c62fcc6fdf39f64ff5b7d1a53eb7f45
Username: phuoc, Hashed Password: 8c62fcc6fdf39f64ff5b7d1a53eb7f45
Username: admin, Hashed Password: e10adc3949ba59abbe56e057f20f883e
Username: admin, Hashed Password: e10adc3949ba59abbe56e057f20f883e
Username: a, Hashed Password: f1290186a5d0b1ceab27f4e77c0c5d68
Username: s, Hashed Password: d41d8cd98f00b204e9800998ecf8427e
Username: d, Hashed Password: 8fa14cdd754f91cc6554c9e71929cce7
Username: admin, Hashed Password: e10adc3949ba59abbe56e057f20f883e
Username: admin, Hashed Password: d41d8cd98f00b204e9800998ecf8427e
Username: admin , Hashed Password: e10adc3949ba59abbe56e057f20f883e
Username: admin , Hashed Password: e10adc3949ba59abbe56e057f20f883e
Username: admin, Hashed Password: e10adc3949ba59abbe56e057f20f883e
Username: admin, Hashed Password: e10adc3949ba59abbe56e057f20f883e
Username: admin, Hashed Password: e10adc3949ba59abbe56e057f20f883e
Username: admin, Hashed Password: e10adc3949ba59abbe56e057f20f883e
